<?xml version="1.0" encoding="UTF-8"?>
<testsuite xmlns:xsi="http://www.w3.org/2001/XMLSchema-instance" xsi:noNamespaceSchemaLocation="https://maven.apache.org/surefire/maven-failsafe-plugin/xsd/failsafe-test-report-3.0.xsd" version="3.0" name="Search by keyword" time="20.243" tests="1" errors="0" skipped="0" failures="1">
  <properties>
[...]
</properties>
  <testcase name="Searching for a term" classname="Search by keyword" time="20.243">
    <failure message="&#10;Expecting article heading with text value that is equal to: &lt;&quot;Cucumber12&quot;&gt;&#10;But got...................................................: &lt;&quot;Cucumber&quot;&gt;" type="java.lang.AssertionError"><![CDATA[java.lang.AssertionError: 

Expecting article heading with text value that is equal to: <"Cucumber12">
But got...................................................: <"Cucumber">
]]></failure>
    <system-out><![CDATA[10:21:45.081 [main] INFO  i.c.core.plugin.SerenityReporter - Running feature from file:///C:/Users/Dell/eclipse-workspace/serenity-cucumber-starter-master/src/test/resources/features/search/search_by_keyword.feature

10:21:45.126 [main] WARN  i.c.core.plugin.SerenityReporter - Feature from file:///C:/Users/Dell/eclipse-workspace/serenity-cucumber-starter-master/src/test/resources/features/search/search_by_keyword.feature is not under the 'features' directory. Requirements report will not be correctly generated!

10:21:46.113 [main] INFO   - 

-------------------------------------------------------------------------------------
     _______. _______ .______       _______ .__   __.  __  .___________.____    ____ 
    /       ||   ____||   _  \     |   ____||  \ |  | |  | |           |\   \  /   / 
   |   (----`|  |__   |  |_)  |    |  |__   |   \|  | |  | `---|  |----` \   \/   /  
    \   \    |   __|  |      /     |   __|  |  . `  | |  |     |  |       \_    _/   
.----)   |   |  |____ |  |\  \----.|  |____ |  |\   | |  |     |  |         |  |     
|_______/    |_______|| _| `._____||_______||__| \__| |__|     |__|         |__|    
                                                                                     
 News and tutorials at http://www.serenity-bdd.info                                  
 Documentation at https://wakaleo.gitbooks.io/the-serenity-book/content/             
 Join the Serenity Community on Gitter: https://gitter.im/serenity-bdd/serenity-core 
 Serenity BDD Support and Training at http://serenity-bdd.info/#/trainingandsupport  
-------------------------------------------------------------------------------------


10:21:46.134 [main] INFO   - Test Suite Started: Search by keyword

10:22:08.185 [pool-2-thread-1] ERROR  - 
           __  _____ _____ ____ _____   _____ _    ___ _     _____ ____  
  _       / / |_   _| ____/ ___|_   _| |  ___/ \  |_ _| |   | ____|  _ \ 
 (_)_____| |    | | |  _| \___ \ | |   | |_ / _ \  | || |   |  _| | | | |
  _|_____| |    | | | |___ ___) || |   |  _/ ___ \ | || |___| |___| |_| |
 (_)     | |    |_| |_____|____/ |_|   |_|/_/   \_\___|_____|_____|____/ 
          \_\                                                            

Searching for a term
--------------------------------------------------------------------------

10:22:08.351 [pool-2-thread-1] ERROR  -     Test failed at step: he should see article heading with text value that is equal to: <"Cucumber12">

10:22:08.351 [pool-2-thread-1] ERROR  -     Expecting article heading with text value that is equal to: <"Cucumber12">But got...................................................: <"Cucumber">



&amp#27;[31mFailed scenarios:&amp#27;[0m


&amp#27;[31mfile:///C:/Users/Dell/eclipse-workspace/serenity-cucumber-starter-master/src/test/resources/features/search/search_by_keyword.feature:3&amp#27;[0m
# Searching for a term




1
 Scenarios (
&amp#27;[31m1 failed&amp#27;[0m
)


3
 Steps (
&amp#27;[31m1 failed&amp#27;[0m
, 
&amp#27;[32m2 passed&amp#27;[0m
)


0m
23.301s






java.lang.AssertionError: 
Expecting article heading with text value that is equal to: <"Cucumber12">
But got...................................................: <"Cucumber">


	at net.serenitybdd.screenplay.ensure.PerformableExpectation.performAs(PerformableExpectations.kt:21)


	at net.serenitybdd.screenplay.ensure.PerformableExpectation$ByteBuddy$eKtXpMbb.performAs$accessor$wvLxkzAX(Unknown Source)


	at java.base/jdk.internal.reflect.NativeMethodAccessorImpl.invoke0(Native Method)


	at java.base/jdk.internal.reflect.NativeMethodAccessorImpl.invoke(NativeMethodAccessorImpl.java:62)


	at java.base/jdk.internal.reflect.DelegatingMethodAccessorImpl.invoke(DelegatingMethodAccessorImpl.java:43)


	at java.base/java.lang.reflect.Method.invoke(Method.java:566)


	at net.thucydides.core.steps.StepInterceptor.invokeMethod(StepInterceptor.java:492)


	at net.thucydides.core.steps.StepInterceptor.executeTestStepMethod(StepInterceptor.java:472)


	at net.thucydides.core.steps.StepInterceptor.runTestStep(StepInterceptor.java:445)


	at net.thucydides.core.steps.StepInterceptor.runOrSkipMethod(StepInterceptor.java:201)


	at net.thucydides.core.steps.StepInterceptor.testStepResult(StepInterceptor.java:188)


	at net.thucydides.core.steps.StepInterceptor.intercept(StepInterceptor.java:76)


	at net.thucydides.core.steps.ProxyConfiguration$InterceptorDispatcher.intercept(ProxyConfiguration.java:51)


	at net.serenitybdd.screenplay.ensure.PerformableExpectation$ByteBuddy$eKtXpMbb.performAs(Unknown Source)


	at net.serenitybdd.screenplay.Actor.performTask(Actor.java:248)


	at net.serenitybdd.screenplay.Actor.perform(Actor.java:229)


	at net.serenitybdd.screenplay.Actor.attemptsTo(Actor.java:175)


	at cucumber.starter@1.0.0-SNAPSHOT/starter.stepdefinitions.SearchStepDefinitions.should_see_information_about(SearchStepDefinitions.java:37)


	at ?.he should see information about "Cucumber12"(file:///C:/Users/Dell/eclipse-workspace/serenity-cucumber-starter-master/src/test/resources/features/search/search_by_keyword.feature:6)







Scenario: Searching for a term                       &amp#27;[90m# src/test/resources/features/search/search_by_keyword.feature:3&amp#27;[0m
10:21:46.882 [pool-2-thread-1] INFO  i.c.core.plugin.SerenityReporter - Running feature from file:///C:/Users/Dell/eclipse-workspace/serenity-cucumber-starter-master/src/test/resources/features/search/search_by_keyword.feature
10:21:46.883 [pool-2-thread-1] WARN  i.c.core.plugin.SerenityReporter - Feature from file:///C:/Users/Dell/eclipse-workspace/serenity-cucumber-starter-master/src/test/resources/features/search/search_by_keyword.feature is not under the 'features' directory. Requirements report will not be correctly generated!
10:21:47.118 [pool-2-thread-1] INFO   - 
 _____ _____ ____ _____   ____ _____  _    ____ _____ _____ ____  
|_   _| ____/ ___|_   _| / ___|_   _|/ \  |  _ \_   _| ____|  _ \ 
  | | |  _| \___ \ | |   \___ \ | | / _ \ | |_) || | |  _| | | | |
  | | | |___ ___) || |    ___) || |/ ___ \|  _ < | | | |___| |_| |
  |_| |_____|____/ |_|   |____/ |_/_/   \_\_| \_\|_| |_____|____/ 

Searching for a term(search-by-keyword;searching-for-a-term)
-------------------------------------------------------------------
10:21:48.505 [pool-2-thread-1] INFO  n.s.c.w.d.ChromeDriverProvider - Using automatically driver download
10:21:49.083 [pool-2-thread-1] INFO  i.g.bonigarcia.wdm.WebDriverManager - Using chromedriver 86.0.4240.22 (resolved driver for Chrome 86)
10:21:49.122 [pool-2-thread-1] INFO  i.g.bonigarcia.wdm.WebDriverManager - Exporting webdriver.chrome.driver as C:\Users\Dell\.cache\selenium\chromedriver\win32\86.0.4240.22\chromedriver.exe
10:21:50.563 [pool-2-thread-1] INFO  n.s.c.w.d.ProvideNewDriver - Instantiating driver
10:21:50.566 [pool-2-thread-1] INFO  n.s.c.w.d.ProvideNewDriver - Driver capabilities: Capabilities {acceptInsecureCerts: false, browserName: chrome, chrome.switches: --start-maximized;--test-ty..., goog:chromeOptions: {args: [--start-maximized, --test-type, --no-sandbox, --ignore-certificate-errors;\n, --disable-popup-blocking, --disable-default-apps, --disable-extensions-file-a..., --incognito, --disable-infobars, --disable-gpu], extensions: []}, loggingPrefs: org.openqa.selenium.logging...}
  &amp#27;[32mGiven &amp#27;[0m&amp#27;[32m&amp#27;[0m&amp#27;[32m&amp#27;[1mSergey&amp#27;[0m&amp#27;[32m is researching things on the internet&amp#27;[0m &amp#27;[90m# starter.stepdefinitions.SearchStepDefinitions.researchingThings(net.serenitybdd.screenplay.Actor)&amp#27;[0m
  &amp#27;[32mWhen &amp#27;[0m&amp#27;[32m&amp#27;[0m&amp#27;[32m&amp#27;[1mhe&amp#27;[0m&amp#27;[32m looks up &amp#27;[0m&amp#27;[32m&amp#27;[1m"Cucumber"&amp#27;[0m                        &amp#27;[90m# starter.stepdefinitions.SearchStepDefinitions.searchesFor(net.serenitybdd.screenplay.Actor,java.lang.String)&amp#27;[0m
  &amp#27;[31mThen &amp#27;[0m&amp#27;[31m&amp#27;[0m&amp#27;[31m&amp#27;[1mhe&amp#27;[0m&amp#27;[31m should see information about &amp#27;[0m&amp#27;[31m&amp#27;[1m"Cucumber12"&amp#27;[0m  &amp#27;[90m# starter.stepdefinitions.SearchStepDefinitions.should_see_information_about(net.serenitybdd.screenplay.Actor,java.lang.String)&amp#27;[0m
      &amp#27;[31mjava.lang.AssertionError: 
Expecting article heading with text value that is equal to: <"Cucumber12">
But got...................................................: <"Cucumber">
	at net.serenitybdd.screenplay.ensure.PerformableExpectation.performAs(PerformableExpectations.kt:21)
	at net.serenitybdd.screenplay.ensure.PerformableExpectation$ByteBuddy$eKtXpMbb.performAs$accessor$wvLxkzAX(Unknown Source)
	at java.base/jdk.internal.reflect.NativeMethodAccessorImpl.invoke0(Native Method)
	at java.base/jdk.internal.reflect.NativeMethodAccessorImpl.invoke(NativeMethodAccessorImpl.java:62)
	at java.base/jdk.internal.reflect.DelegatingMethodAccessorImpl.invoke(DelegatingMethodAccessorImpl.java:43)
	at java.base/java.lang.reflect.Method.invoke(Method.java:566)
	at net.thucydides.core.steps.StepInterceptor.invokeMethod(StepInterceptor.java:492)
	at net.thucydides.core.steps.StepInterceptor.executeTestStepMethod(StepInterceptor.java:472)
	at net.thucydides.core.steps.StepInterceptor.runTestStep(StepInterceptor.java:445)
	at net.thucydides.core.steps.StepInterceptor.runOrSkipMethod(StepInterceptor.java:201)
	at net.thucydides.core.steps.StepInterceptor.testStepResult(StepInterceptor.java:188)
	at net.thucydides.core.steps.StepInterceptor.intercept(StepInterceptor.java:76)
	at net.thucydides.core.steps.ProxyConfiguration$InterceptorDispatcher.intercept(ProxyConfiguration.java:51)
	at net.serenitybdd.screenplay.ensure.PerformableExpectation$ByteBuddy$eKtXpMbb.performAs(Unknown Source)
	at net.serenitybdd.screenplay.Actor.performTask(Actor.java:248)
	at net.serenitybdd.screenplay.Actor.perform(Actor.java:229)
	at net.serenitybdd.screenplay.Actor.attemptsTo(Actor.java:175)
	at cucumber.starter@1.0.0-SNAPSHOT/starter.stepdefinitions.SearchStepDefinitions.should_see_information_about(SearchStepDefinitions.java:37)
	at âœ½.he should see information about "Cucumber12"(file:///C:/Users/Dell/eclipse-workspace/serenity-cucumber-starter-master/src/test/resources/features/search/search_by_keyword.feature:6)
&amp#27;[0m
]]></system-out>
    <system-err><![CDATA[Starting ChromeDriver 86.0.4240.22 (398b0743353ff36fb1b82468f63a3a93b4e2e89e-refs/branch-heads/4240@{#378}) on port 43651
Only local connections are allowed.
Please see https://chromedriver.chromium.org/security-considerations for suggestions on keeping ChromeDriver safe.
ChromeDriver was started successfully.
Oct 26, 2020 10:21:55 AM org.openqa.selenium.remote.ProtocolHandshake createSession
INFO: Detected dialect: W3C
]]></system-err>
  </testcase>
</testsuite>